<?xml version="1.0" encoding="UTF-8"?>
<!-- Generated by org.testng.reporters.JUnitXMLReporter -->
<testsuite ignored="0" hostname="DESKTOP-353CMR5" failures="3" tests="7" name="Test" time="52.81" errors="0" timestamp="2025-10-26T03:40:23 MYT">
  <testcase classname="UiTest.TestCase1" name="verifyLoginSuccessful" time="1.073"/>
  <testcase classname="UiTest.TestCase2" name="loginWithLockedAccount" time="0.391">
    <failure type="java.lang.AssertionError" message="null">
      <![CDATA[java.lang.AssertionError: null
at UiTest.TestCase2.loginWithLockedAccount(TestCase2.java:14)
at java.base/java.util.ArrayList.forEach(ArrayList.java:1596)
... Removed 27 stack frames]]>
    </failure>
  </testcase> <!-- loginWithLockedAccount -->
  <testcase classname="UiTest.TestCase3" name="incorrectPassword" time="0.386">
    <failure type="java.lang.AssertionError" message="null">
      <![CDATA[java.lang.AssertionError: null
at UiTest.TestCase3.incorrectPassword(TestCase3.java:14)
at java.base/java.util.ArrayList.forEach(ArrayList.java:1596)
... Removed 27 stack frames]]>
    </failure>
  </testcase> <!-- incorrectPassword -->
  <testcase classname="UiTest.TestCase4" name="completeCheckout" time="5.78">
    <failure type="java.lang.AssertionError" message="null">
      <![CDATA[java.lang.AssertionError: null
at UiTest.TestCase4.completeCheckout(TestCase4.java:24)
at java.base/java.util.ArrayList.forEach(ArrayList.java:1596)
... Removed 27 stack frames]]>
    </failure>
  </testcase> <!-- completeCheckout -->
  <testcase classname="apiTest.apiTest1" name="testCommentResponse" time="7.519"/>
  <testcase classname="apiTest.apiTest2" name="postComment" time="1.211"/>
  <testcase classname="apiTest.apiTest3" name="testUserResponse" time="0.325"/>
</testsuite> <!-- Test -->
