<?xml version="1.0" encoding="UTF-8"?>
<!-- Generated by org.testng.reporters.JUnitXMLReporter -->
<testsuite ignored="0" hostname="DESKTOP-353CMR5" failures="3" tests="7" name="Test" time="53.711" errors="0" timestamp="2025-10-26T01:42:02 MYT">
  <testcase classname="TestBases.TestCase1" name="verifyLoginSuccessful" time="0.896"/>
  <testcase classname="TestBases.TestCase2" name="loginWithLockedAccount" time="0.374">
    <failure type="java.lang.AssertionError" message="null">
      <![CDATA[java.lang.AssertionError: null
at TestBases.TestCase2.loginWithLockedAccount(TestCase2.java:14)
at java.base/java.util.ArrayList.forEach(ArrayList.java:1596)
... Removed 27 stack frames]]>
    </failure>
  </testcase> <!-- loginWithLockedAccount -->
  <testcase classname="TestBases.TestCase3" name="incorrectPassword" time="0.393">
    <failure type="java.lang.AssertionError" message="null">
      <![CDATA[java.lang.AssertionError: null
at TestBases.TestCase3.incorrectPassword(TestCase3.java:14)
at java.base/java.util.ArrayList.forEach(ArrayList.java:1596)
... Removed 27 stack frames]]>
    </failure>
  </testcase> <!-- incorrectPassword -->
  <testcase classname="TestBases.TestCase4" name="completeCheckout" time="5.74">
    <failure type="java.lang.AssertionError" message="null">
      <![CDATA[java.lang.AssertionError: null
at TestBases.TestCase4.completeCheckout(TestCase4.java:24)
at java.base/java.util.ArrayList.forEach(ArrayList.java:1596)
... Removed 27 stack frames]]>
    </failure>
  </testcase> <!-- completeCheckout -->
  <testcase classname="apiTest.apiTest1" name="testCommentResponse" time="2.951"/>
  <testcase classname="apiTest.apiTest2" name="postComment" time="2.354"/>
  <testcase classname="apiTest.apiTest3" name="testUserResponse" time="0.623"/>
</testsuite> <!-- Test -->
